{"total": {"lines":{"total":1451,"covered":1003,"skipped":0,"pct":69.12},"statements":{"total":1659,"covered":1105,"skipped":0,"pct":66.6},"functions":{"total":485,"covered":292,"skipped":0,"pct":60.2},"branches":{"total":1217,"covered":751,"skipped":0,"pct":61.7},"branchesTrue":{"total":0,"covered":0,"skipped":0,"pct":100}}
,"/Users/justoeu/Developer/Workspace/foldex/web/src/App.tsx": {"lines":{"total":167,"covered":120,"skipped":0,"pct":71.85},"functions":{"total":60,"covered":40,"skipped":0,"pct":66.66},"statements":{"total":191,"covered":131,"skipped":0,"pct":68.58},"branches":{"total":142,"covered":96,"skipped":0,"pct":67.6}}
,"/Users/justoeu/Developer/Workspace/foldex/web/src/version.ts": {"lines":{"total":2,"covered":2,"skipped":0,"pct":100},"functions":{"total":0,"covered":0,"skipped":0,"pct":100},"statements":{"total":2,"covered":2,"skipped":0,"pct":100},"branches":{"total":0,"covered":0,"skipped":0,"pct":100}}
,"/Users/justoeu/Developer/Workspace/foldex/web/src/vite-env.d.ts": {"lines":{"total":0,"covered":0,"skipped":0,"pct":100},"functions":{"total":0,"covered":0,"skipped":0,"pct":100},"statements":{"total":0,"covered":0,"skipped":0,"pct":100},"branches":{"total":0,"covered":0,"skipped":0,"pct":100}}
,"/Users/justoeu/Developer/Workspace/foldex/web/src/api/backup.ts": {"lines":{"total":71,"covered":68,"skipped":0,"pct":95.77},"functions":{"total":6,"covered":6,"skipped":0,"pct":100},"statements":{"total":78,"covered":71,"skipped":0,"pct":91.02},"branches":{"total":32,"covered":21,"skipped":0,"pct":65.62}}
,"/Users/justoeu/Developer/Workspace/foldex/web/src/api/folders.ts": {"lines":{"total":27,"covered":18,"skipped":0,"pct":66.66},"functions":{"total":11,"covered":7,"skipped":0,"pct":63.63},"statements":{"total":29,"covered":20,"skipped":0,"pct":68.96},"branches":{"total":14,"covered":8,"skipped":0,"pct":57.14}}
,"/Users/justoeu/Developer/Workspace/foldex/web/src/api/importer.ts": {"lines":{"total":12,"covered":12,"skipped":0,"pct":100},"functions":{"total":2,"covered":2,"skipped":0,"pct":100},"statements":{"total":13,"covered":13,"skipped":0,"pct":100},"branches":{"total":2,"covered":1,"skipped":0,"pct":50}}
,"/Users/justoeu/Developer/Workspace/foldex/web/src/api/links.ts": {"lines":{"total":52,"covered":47,"skipped":0,"pct":90.38},"functions":{"total":23,"covered":21,"skipped":0,"pct":91.3},"statements":{"total":57,"covered":51,"skipped":0,"pct":89.47},"branches":{"total":24,"covered":23,"skipped":0,"pct":95.83}}
,"/Users/justoeu/Developer/Workspace/foldex/web/src/api/stats.ts": {"lines":{"total":12,"covered":0,"skipped":0,"pct":0},"functions":{"total":10,"covered":0,"skipped":0,"pct":0},"statements":{"total":12,"covered":0,"skipped":0,"pct":0},"branches":{"total":2,"covered":0,"skipped":0,"pct":0}}
,"/Users/justoeu/Developer/Workspace/foldex/web/src/api/tags.ts": {"lines":{"total":18,"covered":18,"skipped":0,"pct":100},"functions":{"total":11,"covered":11,"skipped":0,"pct":100},"statements":{"total":18,"covered":18,"skipped":0,"pct":100},"branches":{"total":0,"covered":0,"skipped":0,"pct":100}}
,"/Users/justoeu/Developer/Workspace/foldex/web/src/api/types.ts": {"lines":{"total":0,"covered":0,"skipped":0,"pct":100},"functions":{"total":0,"covered":0,"skipped":0,"pct":100},"statements":{"total":0,"covered":0,"skipped":0,"pct":100},"branches":{"total":0,"covered":0,"skipped":0,"pct":100}}
,"/Users/justoeu/Developer/Workspace/foldex/web/src/components/BackupCard.tsx": {"lines":{"total":53,"covered":48,"skipped":0,"pct":90.56},"functions":{"total":18,"covered":17,"skipped":0,"pct":94.44},"statements":{"total":60,"covered":54,"skipped":0,"pct":90},"branches":{"total":31,"covered":24,"skipped":0,"pct":77.41}}
,"/Users/justoeu/Developer/Workspace/foldex/web/src/components/BackupRestoreDialog.tsx": {"lines":{"total":50,"covered":50,"skipped":0,"pct":100},"functions":{"total":20,"covered":20,"skipped":0,"pct":100},"statements":{"total":55,"covered":54,"skipped":0,"pct":98.18},"branches":{"total":64,"covered":57,"skipped":0,"pct":89.06}}
,"/Users/justoeu/Developer/Workspace/foldex/web/src/components/CommandPalette.tsx": {"lines":{"total":33,"covered":27,"skipped":0,"pct":81.81},"functions":{"total":19,"covered":12,"skipped":0,"pct":63.15},"statements":{"total":42,"covered":35,"skipped":0,"pct":83.33},"branches":{"total":37,"covered":25,"skipped":0,"pct":67.56}}
,"/Users/justoeu/Developer/Workspace/foldex/web/src/components/CompactGrid.tsx": {"lines":{"total":4,"covered":0,"skipped":0,"pct":0},"functions":{"total":4,"covered":0,"skipped":0,"pct":0},"statements":{"total":4,"covered":0,"skipped":0,"pct":0},"branches":{"total":2,"covered":0,"skipped":0,"pct":0}}
,"/Users/justoeu/Developer/Workspace/foldex/web/src/components/ConfirmDialog.tsx": {"lines":{"total":17,"covered":15,"skipped":0,"pct":88.23},"functions":{"total":9,"covered":7,"skipped":0,"pct":77.77},"statements":{"total":19,"covered":15,"skipped":0,"pct":78.94},"branches":{"total":18,"covered":11,"skipped":0,"pct":61.11}}
,"/Users/justoeu/Developer/Workspace/foldex/web/src/components/EmptyState.tsx": {"lines":{"total":1,"covered":1,"skipped":0,"pct":100},"functions":{"total":1,"covered":1,"skipped":0,"pct":100},"statements":{"total":1,"covered":1,"skipped":0,"pct":100},"branches":{"total":0,"covered":0,"skipped":0,"pct":100}}
,"/Users/justoeu/Developer/Workspace/foldex/web/src/components/Favicon.tsx": {"lines":{"total":11,"covered":11,"skipped":0,"pct":100},"functions":{"total":3,"covered":3,"skipped":0,"pct":100},"statements":{"total":13,"covered":13,"skipped":0,"pct":100},"branches":{"total":8,"covered":6,"skipped":0,"pct":75}}
,"/Users/justoeu/Developer/Workspace/foldex/web/src/components/FolderCard.tsx": {"lines":{"total":64,"covered":44,"skipped":0,"pct":68.75},"functions":{"total":15,"covered":7,"skipped":0,"pct":46.66},"statements":{"total":75,"covered":46,"skipped":0,"pct":61.33},"branches":{"total":64,"covered":36,"skipped":0,"pct":56.25}}
,"/Users/justoeu/Developer/Workspace/foldex/web/src/components/FolderDialog.tsx": {"lines":{"total":64,"covered":36,"skipped":0,"pct":56.25},"functions":{"total":13,"covered":6,"skipped":0,"pct":46.15},"statements":{"total":72,"covered":38,"skipped":0,"pct":52.77},"branches":{"total":66,"covered":32,"skipped":0,"pct":48.48}}
,"/Users/justoeu/Developer/Workspace/foldex/web/src/components/GradientPicker.tsx": {"lines":{"total":65,"covered":21,"skipped":0,"pct":32.3},"functions":{"total":24,"covered":7,"skipped":0,"pct":29.16},"statements":{"total":74,"covered":21,"skipped":0,"pct":28.37},"branches":{"total":42,"covered":6,"skipped":0,"pct":14.28}}
,"/Users/justoeu/Developer/Workspace/foldex/web/src/components/ImportPreviewDialog.tsx": {"lines":{"total":60,"covered":52,"skipped":0,"pct":86.66},"functions":{"total":28,"covered":22,"skipped":0,"pct":78.57},"statements":{"total":71,"covered":61,"skipped":0,"pct":85.91},"branches":{"total":77,"covered":62,"skipped":0,"pct":80.51}}
,"/Users/justoeu/Developer/Workspace/foldex/web/src/components/LinkCard.tsx": {"lines":{"total":54,"covered":29,"skipped":0,"pct":53.7},"functions":{"total":18,"covered":8,"skipped":0,"pct":44.44},"statements":{"total":69,"covered":34,"skipped":0,"pct":49.27},"branches":{"total":57,"covered":31,"skipped":0,"pct":54.38}}
,"/Users/justoeu/Developer/Workspace/foldex/web/src/components/LinkDialog.tsx": {"lines":{"total":156,"covered":96,"skipped":0,"pct":61.53},"functions":{"total":42,"covered":21,"skipped":0,"pct":50},"statements":{"total":173,"covered":101,"skipped":0,"pct":58.38},"branches":{"total":147,"covered":101,"skipped":0,"pct":68.7}}
,"/Users/justoeu/Developer/Workspace/foldex/web/src/components/LinkGrid.tsx": {"lines":{"total":6,"covered":6,"skipped":0,"pct":100},"functions":{"total":2,"covered":2,"skipped":0,"pct":100},"statements":{"total":6,"covered":6,"skipped":0,"pct":100},"branches":{"total":4,"covered":4,"skipped":0,"pct":100}}
,"/Users/justoeu/Developer/Workspace/foldex/web/src/components/ListView.tsx": {"lines":{"total":18,"covered":0,"skipped":0,"pct":0},"functions":{"total":7,"covered":0,"skipped":0,"pct":0},"statements":{"total":22,"covered":0,"skipped":0,"pct":0},"branches":{"total":8,"covered":0,"skipped":0,"pct":0}}
,"/Users/justoeu/Developer/Workspace/foldex/web/src/components/TagChip.tsx": {"lines":{"total":9,"covered":9,"skipped":0,"pct":100},"functions":{"total":2,"covered":2,"skipped":0,"pct":100},"statements":{"total":9,"covered":9,"skipped":0,"pct":100},"branches":{"total":10,"covered":10,"skipped":0,"pct":100}}
,"/Users/justoeu/Developer/Workspace/foldex/web/src/components/TagDialog.tsx": {"lines":{"total":52,"covered":50,"skipped":0,"pct":96.15},"functions":{"total":11,"covered":9,"skipped":0,"pct":81.81},"statements":{"total":55,"covered":52,"skipped":0,"pct":94.54},"branches":{"total":44,"covered":43,"skipped":0,"pct":97.72}}
,"/Users/justoeu/Developer/Workspace/foldex/web/src/components/TagManagerDialog.tsx": {"lines":{"total":19,"covered":11,"skipped":0,"pct":57.89},"functions":{"total":9,"covered":3,"skipped":0,"pct":33.33},"statements":{"total":22,"covered":13,"skipped":0,"pct":59.09},"branches":{"total":27,"covered":11,"skipped":0,"pct":40.74}}
,"/Users/justoeu/Developer/Workspace/foldex/web/src/components/TagSidebar.tsx": {"lines":{"total":48,"covered":36,"skipped":0,"pct":75},"functions":{"total":27,"covered":14,"skipped":0,"pct":51.85},"statements":{"total":58,"covered":40,"skipped":0,"pct":68.96},"branches":{"total":47,"covered":28,"skipped":0,"pct":59.57}}
,"/Users/justoeu/Developer/Workspace/foldex/web/src/components/TooltipPortal.tsx": {"lines":{"total":87,"covered":56,"skipped":0,"pct":64.36},"functions":{"total":15,"covered":11,"skipped":0,"pct":73.33},"statements":{"total":100,"covered":65,"skipped":0,"pct":65},"branches":{"total":38,"covered":23,"skipped":0,"pct":60.52}}
,"/Users/justoeu/Developer/Workspace/foldex/web/src/components/Topbar.tsx": {"lines":{"total":22,"covered":16,"skipped":0,"pct":72.72},"functions":{"total":17,"covered":11,"skipped":0,"pct":64.7},"statements":{"total":22,"covered":16,"skipped":0,"pct":72.72},"branches":{"total":30,"covered":25,"skipped":0,"pct":83.33}}
,"/Users/justoeu/Developer/Workspace/foldex/web/src/components/icons.tsx": {"lines":{"total":2,"covered":2,"skipped":0,"pct":100},"functions":{"total":1,"covered":1,"skipped":0,"pct":100},"statements":{"total":2,"covered":2,"skipped":0,"pct":100},"branches":{"total":2,"covered":2,"skipped":0,"pct":100}}
,"/Users/justoeu/Developer/Workspace/foldex/web/src/hooks/useEscape.ts": {"lines":{"total":13,"covered":13,"skipped":0,"pct":100},"functions":{"total":4,"covered":4,"skipped":0,"pct":100},"statements":{"total":17,"covered":16,"skipped":0,"pct":94.11},"branches":{"total":11,"covered":8,"skipped":0,"pct":72.72}}
,"/Users/justoeu/Developer/Workspace/foldex/web/src/lib/folderTree.ts": {"lines":{"total":20,"covered":20,"skipped":0,"pct":100},"functions":{"total":5,"covered":5,"skipped":0,"pct":100},"statements":{"total":24,"covered":24,"skipped":0,"pct":100},"branches":{"total":8,"covered":8,"skipped":0,"pct":100}}
,"/Users/justoeu/Developer/Workspace/foldex/web/src/lib/tagColor.ts": {"lines":{"total":63,"covered":61,"skipped":0,"pct":96.82},"functions":{"total":7,"covered":7,"skipped":0,"pct":100},"statements":{"total":82,"covered":75,"skipped":0,"pct":91.46},"branches":{"total":41,"covered":37,"skipped":0,"pct":90.24}}
,"/Users/justoeu/Developer/Workspace/foldex/web/src/pages/ImportPage.tsx": {"lines":{"total":17,"covered":8,"skipped":0,"pct":47.05},"functions":{"total":10,"covered":5,"skipped":0,"pct":50},"statements":{"total":18,"covered":8,"skipped":0,"pct":44.44},"branches":{"total":15,"covered":12,"skipped":0,"pct":80}}
,"/Users/justoeu/Developer/Workspace/foldex/web/src/pages/StatsPage.tsx": {"lines":{"total":82,"covered":0,"skipped":0,"pct":0},"functions":{"total":31,"covered":0,"skipped":0,"pct":0},"statements":{"total":94,"covered":0,"skipped":0,"pct":0},"branches":{"total":103,"covered":0,"skipped":0,"pct":0}}
}
